___assert_func
___errno
___getreent
___gmp_bits_per_limb
___gmp_snprintf
___gmpn_add
___gmpn_add_1
___gmpn_cmp
___gmpn_divrem_1
___gmpn_gcd
___gmpn_gcd_1
___gmpn_get_str
___gmpn_lshift
___gmpn_mod_1
___gmpn_mul
___gmpn_mul_1
___gmpn_mul_n
___gmpn_rshift
___gmpn_set_str
___gmpn_sub
___gmpn_sub_1
___gmpn_sub_n
___gmpn_tdiv_qr
__imp____ctype_ptr__
_access
_chdir
_chmod
_close
_closedir
_dlerror
_dlopen
_dlsym
_dup
_dup2
_environ
_execv
_exp10
_fork
_getpid
_getrusage
_gettimeofday
_ioctl
_isatty
_kill
_lseek
_lstat
_madvise
_mkdir
_mkdtemp
_mkstemp
_mmap
_munmap
_open
_opendir
_openpty
_pclose
_popen
_printf
_read
_readdir
_realpath
_rmdir
_sbrk
_select
_setpgid
_sigaction
_sigemptyset
_siginterrupt
_sleep
_snprintf
_spawnve
_stat
_strlcat
_strlcpy
_sysconf
_tcgetattr
_tcsetattr
_timer_create
_timer_settime
_times
_ttyname
_unlink
_waitpid
_write
